# здесь просто перечислены все зависимости пакета basesystem
# часть из этого добра можно (и нужно) безболезненно убрать из профиля
# но вот какую часть -- науке не известно
#
# но если таки хочется устроить маньяческую оптимизацию, то надо просто взять
# busybox и не мучаться. А пока 30Mb образ -- совершенно достаточно для
# установки чего угодно, и оптимизировать это имеет смысл исключительно если
# вдруг не будет хватать места на инсталляционном CD подо что-то супер ценное
#
# в общем если не нужен лишний гемор -- сюда не лазить
#
# кстати, так как это зависимости basesystem -- даже если их убрать, они все равно
# поставятся, так что надо еще и менять содержимое базового чрута у hasher'а
#
# итого: просто не трогайте это, пожалуйста :)
altlinux-release-sisyphus
bash  
bzip2  
coreutils
diffutils  
filesystem  
findutils  
getopt  
grep  
gzip  
rootfiles  
sed  
setup  
shadow-utils  
util-linux  
xz  
net-tools
