#===========================================================================#
#                   Список зависимостей инсталлятора                        #
#===========================================================================#
# (C) Denis Smirnov                                                May 2011 #
#===========================================================================#
# у нас много всяких init'ов, вытягивает тот что нам нужен
sysvinit
startup

# for /bin/openvt
console-vt-tools

# без шелла ой как трудно писать шелл-скрипты...
sh
# весь интерфейс у нас на диалоге
dialog
pv

# временные файлы в инсталлере можно, конечно, создавать и тупо по имени...
# но как-то непривычно
mktemp
#shadow-utils

# for fake_remount_rw (жутко грязный хак, ибо cp работает не совсем так как надо)
# если кто перепишет fake_remount_rw по-человечьи -- скажу большое спасибо
rsync

# ну, это без комментариев...
udev

tzdata

